{
  "RSpec": {
    "coverage": {
      "/home/guillaume/Documents/THP/Semaine6/Club_s6_j1/spec/models/user_spec.rb": [
        1,
        null,
        1,
        1,
        1,
        1,
        1,
        null,
        null,
        1,
        1,
        1,
        null,
        null,
        1,
        1,
        1,
        null,
        null,
        1,
        1,
        1,
        null,
        null,
        1,
        1,
        1,
        null,
        null,
        1,
        1,
        1,
        null,
        null,
        1,
        1,
        1,
        1,
        null,
        null,
        null,
        null,
        null,
        null
      ],
      "/home/guillaume/Documents/THP/Semaine6/Club_s6_j1/spec/rails_helper.rb": [
        null,
        1,
        1,
        1,
        null,
        1,
        1,
        null,
        null,
        null,
        null,
        null,
        null,
        null,
        null,
        null,
        null,
        null,
        null,
        null,
        null,
        null,
        null,
        null,
        null,
        null,
        1,
        1,
        null,
        0,
        0,
        null,
        1,
        null,
        1,
        null,
        null,
        null,
        null,
        1,
        null,
        null,
        null,
        null,
        null,
        null,
        null,
        null,
        null,
        null,
        null,
        null,
        null,
        null,
        1,
        null,
        null,
        1,
        null,
        null,
        null
      ],
      "/home/guillaume/Documents/THP/Semaine6/Club_s6_j1/config/environment.rb": [
        null,
        1,
        null,
        null,
        1
      ],
      "/home/guillaume/Documents/THP/Semaine6/Club_s6_j1/config/application.rb": [
        1,
        null,
        1,
        null,
        null,
        null,
        1,
        null,
        1,
        1,
        null,
        1,
        null,
        null,
        null,
        null,
        null,
        null,
        null
      ],
      "/home/guillaume/Documents/THP/Semaine6/Club_s6_j1/config/boot.rb": [
        1,
        null,
        1,
        1
      ],
      "/home/guillaume/Documents/THP/Semaine6/Club_s6_j1/config/environments/test.rb": [
        1,
        null,
        null,
        null,
        null,
        null,
        null,
        1,
        null,
        null,
        null,
        null,
        1,
        null,
        null,
        1,
        1,
        null,
        null,
        null,
        null,
        1,
        1,
        null,
        null,
        1,
        null,
        null,
        1,
        null,
        null,
        1,
        null,
        1,
        null,
        null,
        null,
        null,
        1,
        null,
        null,
        1,
        null,
        null,
        null,
        null
      ],
      "/home/guillaume/Documents/THP/Semaine6/Club_s6_j1/config/initializers/application_controller_renderer.rb": [
        null,
        null,
        null,
        null,
        null,
        null,
        null,
        null
      ],
      "/home/guillaume/Documents/THP/Semaine6/Club_s6_j1/config/initializers/assets.rb": [
        null,
        null,
        null,
        1,
        null,
        null,
        null,
        null,
        1,
        null,
        null,
        null,
        null,
        null
      ],
      "/home/guillaume/Documents/THP/Semaine6/Club_s6_j1/config/initializers/backtrace_silencers.rb": [
        null,
        null,
        null,
        null,
        null,
        null,
        null
      ],
      "/home/guillaume/Documents/THP/Semaine6/Club_s6_j1/config/initializers/content_security_policy.rb": [
        null,
        null,
        null,
        null,
        null,
        null,
        null,
        null,
        null,
        null,
        null,
        null,
        null,
        null,
        null,
        null,
        null,
        null,
        null,
        null,
        null,
        null,
        null,
        null,
        null
      ],
      "/home/guillaume/Documents/THP/Semaine6/Club_s6_j1/config/initializers/cookies_serializer.rb": [
        null,
        null,
        null,
        null,
        1
      ],
      "/home/guillaume/Documents/THP/Semaine6/Club_s6_j1/config/initializers/filter_parameter_logging.rb": [
        null,
        null,
        null,
        1
      ],
      "/home/guillaume/Documents/THP/Semaine6/Club_s6_j1/config/initializers/inflections.rb": [
        null,
        null,
        null,
        null,
        null,
        null,
        null,
        null,
        null,
        null,
        null,
        null,
        null,
        null,
        null,
        null
      ],
      "/home/guillaume/Documents/THP/Semaine6/Club_s6_j1/config/initializers/mime_types.rb": [
        null,
        null,
        null,
        null
      ],
      "/home/guillaume/Documents/THP/Semaine6/Club_s6_j1/config/initializers/wrap_parameters.rb": [
        null,
        null,
        null,
        null,
        null,
        null,
        1,
        2,
        null,
        null,
        null,
        null,
        null,
        null
      ],
      "/home/guillaume/Documents/THP/Semaine6/Club_s6_j1/config/routes.rb": [
        1,
        1,
        1,
        1,
        1,
        null,
        null,
        null
      ],
      "/home/guillaume/Documents/THP/Semaine6/Club_s6_j1/app/helpers/application_helper.rb": [
        1,
        1,
        0,
        0,
        0,
        0,
        0,
        null,
        null,
        null
      ],
      "/home/guillaume/Documents/THP/Semaine6/Club_s6_j1/app/helpers/logins_helper.rb": [
        1,
        null
      ],
      "/home/guillaume/Documents/THP/Semaine6/Club_s6_j1/app/helpers/registrations_helper.rb": [
        1,
        null
      ],
      "/home/guillaume/Documents/THP/Semaine6/Club_s6_j1/app/helpers/users_helper.rb": [
        1,
        null
      ],
      "/home/guillaume/Documents/THP/Semaine6/Club_s6_j1/app/models/user.rb": [
        1,
        3,
        1,
        1,
        1,
        1,
        null,
        null,
        1,
        null
      ],
      "/home/guillaume/Documents/THP/Semaine6/Club_s6_j1/app/models/application_record.rb": [
        1,
        1,
        null
      ]
    },
    "timestamp": 1541414107
  }
}
